<?xml version="1.0" encoding="UTF-8"?>
<!-- Generated by org.testng.reporters.JUnitReportReporter -->
<testsuite hostname="MSI" failures="0" tests="2" name="com.amazon.automationExercice.AutomationExerciceWithCSV" time="70.268" errors="0" timestamp="08 avr. 2021 15:53:24 GMT" skipped="0">
  <testcase classname="com.amazon.automationExercice.AutomationExerciceWithCSV" name="scenarioUsingCsv" time="35.469"/>
  <testcase classname="com.amazon.automationExercice.AutomationExerciceWithCSV" name="scenarioUsingCsv" time="34.799"/>
</testsuite> <!-- com.amazon.automationExercice.AutomationExerciceWithCSV -->
