<?xml version="1.0" encoding="UTF-8"?>
<!-- Generated by org.testng.reporters.JUnitReportReporter -->
<testsuite hostname="MSI" failures="0" tests="1" name="com.amazon.automationExercice.AutomationExercise" time="30.705" errors="0" timestamp="09 avr. 2021 16:41:28 GMT" skipped="0">
  <testcase classname="com.amazon.automationExercice.AutomationExercise" name="scenarioUsingParameters" time="30.705"/>
</testsuite> <!-- com.amazon.automationExercice.AutomationExercise -->
