<?xml version="1.0" encoding="UTF-8"?>
<!-- Generated by org.testng.reporters.JUnitReportReporter -->
<testsuite hostname="MSI" failures="0" tests="1" name="com.amazon.automationExercice.AutomationExerciceWithCSV" time="28.571" errors="0" timestamp="2021-05-06T17:59:13 CEST" skipped="0">
  <testcase classname="com.amazon.automationExercice.AutomationExerciceWithCSV" name="scenarioUsingCsv" time="28.571"/>
  <system-out>
    <![CDATA[Starting test #1
Opening page: https://www.amazon.com/
Page opened!
Searching for item: 'hats for men'.
User needs to select a size!
Hat's price is: 11.99€
Size is available AND sold by amazon!
Hat's price is: 11.99€
Add item(s) to cart!
There is a total of : 2 items in the cart.
Total price in cart is : 23.98€
Searching for item: 'hats for women'.
Hat has only one size!
Hat's price is: 18.99€
Add item(s) to cart!
There is a total of : 3 items in the cart.
Total price in cart is : 42.97€
Change item's quantity from 2 to 1.
There is a total of : 2 items in the cart.
Total price in cart is : 30.98€]]>
  </system-out>
</testsuite> <!-- com.amazon.automationExercice.AutomationExerciceWithCSV -->
