<?xml version="1.0" encoding="UTF-8"?>
<!-- Generated by org.testng.reporters.JUnitReportReporter -->
<testsuite hostname="MSI" failures="0" tests="1" name="com.amazon.automationExercice.AutomationExercise" time="33.586" errors="0" timestamp="08 avr. 2021 15:49:59 GMT" skipped="0">
  <testcase classname="com.amazon.automationExercice.AutomationExercise" name="scenarioUsingParameters" time="33.586"/>
</testsuite> <!-- com.amazon.automationExercice.AutomationExercise -->
